Started GET "/" for 127.0.0.1 at 2018-01-11 00:50:09 +0300
  [1m[36mActiveRecord::SchemaMigration Load (14.6ms)[0m  [1m[34mSELECT "schema_migrations".* FROM "schema_migrations"[0m
Processing by SearchController#input as HTML
  [1m[36mRequest Load (5.0ms)[0m  [1m[34mSELECT "requests".* FROM "requests" ORDER BY "requests"."count" DESC[0m
  Rendering search/input.html.erb within layouts/application
  Rendered search/input.html.erb within layouts/application (548.9ms)
Completed 200 OK in 764ms (Views: 689.6ms | ActiveRecord: 16.9ms)


Started GET "/" for 127.0.0.1 at 2018-01-11 00:50:47 +0300
Processing by SearchController#input as HTML
  [1m[36mRequest Load (1.7ms)[0m  [1m[34mSELECT "requests".* FROM "requests" ORDER BY "requests"."count" DESC[0m
  Rendering search/input.html.erb within layouts/application
  Rendered search/input.html.erb within layouts/application (25.8ms)
Completed 200 OK in 225ms (Views: 129.3ms | ActiveRecord: 1.7ms)


Started GET "/" for 127.0.0.1 at 2018-01-11 00:51:52 +0300
Processing by SearchController#input as HTML
  [1m[36mRequest Load (53.7ms)[0m  [1m[34mSELECT "requests".* FROM "requests" ORDER BY "requests"."count" DESC[0m
  Rendering search/input.html.erb within layouts/application
  Rendered search/input.html.erb within layouts/application (69.6ms)
Completed 200 OK in 347ms (Views: 198.1ms | ActiveRecord: 53.7ms)


Started GET "/" for 127.0.0.1 at 2018-01-11 00:55:29 +0300
Processing by SearchController#input as HTML
  [1m[36mRequest Load (4.1ms)[0m  [1m[34mSELECT "requests".* FROM "requests" ORDER BY "requests"."count" DESC[0m
  Rendering search/input.html.erb within layouts/application
  Rendered search/input.html.erb within layouts/application (21.0ms)
Completed 200 OK in 176ms (Views: 129.3ms | ActiveRecord: 4.1ms)


Started GET "/" for 127.0.0.1 at 2018-01-11 00:55:39 +0300
Processing by SearchController#input as HTML
  [1m[36mRequest Load (2.4ms)[0m  [1m[34mSELECT "requests".* FROM "requests" ORDER BY "requests"."count" DESC[0m
  Rendering search/input.html.erb within layouts/application
  Rendered search/input.html.erb within layouts/application (8.3ms)
Completed 200 OK in 277ms (Views: 256.1ms | ActiveRecord: 2.4ms)


Started GET "/" for 127.0.0.1 at 2018-01-11 00:57:03 +0300
Processing by SearchController#input as HTML
  [1m[36mRequest Load (1.3ms)[0m  [1m[34mSELECT "requests".* FROM "requests" ORDER BY "requests"."count" DESC[0m
  Rendering search/input.html.erb within layouts/application
  Rendered search/input.html.erb within layouts/application (25.8ms)
Completed 200 OK in 352ms (Views: 306.4ms | ActiveRecord: 1.3ms)


Started GET "/" for 127.0.0.1 at 2018-01-11 01:00:19 +0300
Processing by SearchController#input as HTML
  [1m[36mRequest Load (2.7ms)[0m  [1m[34mSELECT "requests".* FROM "requests" ORDER BY "requests"."count" DESC[0m
  Rendering search/input.html.erb within layouts/application
  Rendered search/input.html.erb within layouts/application (23.5ms)
Completed 200 OK in 254ms (Views: 208.1ms | ActiveRecord: 2.7ms)


Started GET "/" for 127.0.0.1 at 2018-01-11 01:02:32 +0300
Processing by SearchController#input as HTML
  [1m[36mRequest Load (1.5ms)[0m  [1m[34mSELECT "requests".* FROM "requests" ORDER BY "requests"."count" DESC[0m
  Rendering search/input.html.erb within layouts/application
  Rendered search/input.html.erb within layouts/application (24.0ms)
Completed 200 OK in 186ms (Views: 140.4ms | ActiveRecord: 1.5ms)


Started GET "/" for 127.0.0.1 at 2018-01-11 01:03:34 +0300
Processing by SearchController#input as HTML
  [1m[36mRequest Load (1.1ms)[0m  [1m[34mSELECT "requests".* FROM "requests" ORDER BY "requests"."count" DESC[0m
  Rendering search/input.html.erb within layouts/application
  Rendered search/input.html.erb within layouts/application (33.0ms)
Completed 200 OK in 342ms (Views: 287.7ms | ActiveRecord: 1.1ms)


Started GET "/" for 127.0.0.1 at 2018-01-11 01:04:25 +0300
Processing by SearchController#input as HTML
  [1m[36mRequest Load (1.0ms)[0m  [1m[34mSELECT "requests".* FROM "requests" ORDER BY "requests"."count" DESC[0m
  Rendering search/input.html.erb within layouts/application
  Rendered search/input.html.erb within layouts/application (9.8ms)
Completed 200 OK in 227ms (Views: 195.4ms | ActiveRecord: 1.0ms)


Started GET "/users/sign_in" for 127.0.0.1 at 2018-01-11 01:04:39 +0300
Processing by Devise::SessionsController#new as HTML
  Rendering devise/sessions/new.html.erb within layouts/application
  Rendered devise/shared/_links.html.erb (2.9ms)
  Rendered devise/sessions/new.html.erb within layouts/application (50.4ms)
Completed 200 OK in 170ms (Views: 109.0ms | ActiveRecord: 32.0ms)


Started POST "/users/sign_in" for 127.0.0.1 at 2018-01-11 01:04:53 +0300
Processing by Devise::SessionsController#create as HTML
  Parameters: {"utf8"=>"✓", "authenticity_token"=>"0b0lvhet6/RzF7pucOytdVU1nRhYOJD08Ze7JaMrTCKpNT6i/jjxeuCltVfHCkt6Ls7LxO9q2MWJRa08dRvNcg==", "user"=>{"email"=>"admin@admin.admin", "password"=>"[FILTERED]", "remember_me"=>"0"}, "commit"=>"Войти"}
  [1m[36mUser Load (11.6ms)[0m  [1m[34mSELECT  "users".* FROM "users" WHERE "users"."email" = $1 ORDER BY "users"."id" ASC LIMIT $2[0m  [["email", "admin@admin.admin"], ["LIMIT", 1]]
Completed 401 Unauthorized in 34ms (ActiveRecord: 11.6ms)


Processing by Devise::SessionsController#new as HTML
  Parameters: {"utf8"=>"✓", "authenticity_token"=>"0b0lvhet6/RzF7pucOytdVU1nRhYOJD08Ze7JaMrTCKpNT6i/jjxeuCltVfHCkt6Ls7LxO9q2MWJRa08dRvNcg==", "user"=>{"email"=>"admin@admin.admin", "password"=>"[FILTERED]", "remember_me"=>"0"}, "commit"=>"Войти"}
  Rendering devise/sessions/new.html.erb within layouts/application
  Rendered devise/shared/_links.html.erb (2.2ms)
  Rendered devise/sessions/new.html.erb within layouts/application (9.7ms)
Completed 200 OK in 273ms (Views: 64.7ms | ActiveRecord: 0.0ms)


Started GET "/" for 127.0.0.1 at 2018-01-11 01:05:02 +0300
Processing by SearchController#input as HTML
  Parameters: {"authenticity_token"=>"w0BYCJ0qlOZn6vjkiIXj7soF7RQMI3TPVA4ReJtCqSfuf9qTTHRxxxHf39LbHHJRBcXeKBkQCANTgV/8GlQpgQ=="}
  [1m[36mRequest Load (1.2ms)[0m  [1m[34mSELECT "requests".* FROM "requests" ORDER BY "requests"."count" DESC[0m
  Rendering search/input.html.erb within layouts/application
  Rendered search/input.html.erb within layouts/application (6.2ms)
Completed 200 OK in 96ms (Views: 61.4ms | ActiveRecord: 1.2ms)


